<?xml version="1.0" encoding="UTF-8"?>
<testsuite xmlns:xsi="http://www.w3.org/2001/XMLSchema-instance" xsi:noNamespaceSchemaLocation="https://maven.apache.org/surefire/maven-surefire-plugin/xsd/surefire-test-report-3.0.xsd" version="3.0" name="com.example.springboot.service.UserServiceTests" time="1.808" tests="10" errors="1" skipped="0" failures="2">
  <properties>
[...]
</properties>
  <testcase name="testLoginSuccess" classname="com.example.springboot.service.UserServiceTests" time="0.514">
    <error message="用户名或密码错误" type="com.example.springboot.exception.ServiceException"><![CDATA[com.example.springboot.exception.ServiceException: 用户名或密码错误
	at com.example.springboot.service.impl.UserServiceImpl.login(UserServiceImpl.java:48)
	at java.base/jdk.internal.reflect.NativeMethodAccessorImpl.invoke0(Native Method)
	at java.base/jdk.internal.reflect.NativeMethodAccessorImpl.invoke(NativeMethodAccessorImpl.java:77)
	at java.base/jdk.internal.reflect.DelegatingMethodAccessorImpl.invoke(DelegatingMethodAccessorImpl.java:43)
	at java.base/java.lang.reflect.Method.invoke(Method.java:569)
	at org.springframework.aop.support.AopUtils.invokeJoinpointUsingReflection(AopUtils.java:354)
	at org.springframework.aop.framework.CglibAopProxy$DynamicAdvisedInterceptor.intercept(CglibAopProxy.java:716)
	at com.example.springboot.service.impl.UserServiceImpl$$SpringCGLIB$$0.login(<generated>)
	at com.example.springboot.service.UserServiceTests.testLoginSuccess(UserServiceTests.java:64)
	at java.base/java.lang.reflect.Method.invoke(Method.java:569)
	at java.base/java.util.ArrayList.forEach(ArrayList.java:1511)
	at java.base/java.util.ArrayList.forEach(ArrayList.java:1511)
]]></error>
    <system-out><![CDATA[2026-03-29T21:44:57.305+08:00  INFO 35656 --- [           main] t.c.s.AnnotationConfigContextLoaderUtils : Could not detect default configuration classes for test class [com.example.springboot.service.UserServiceTests]: UserServiceTests does not declare any static, non-private, non-final, nested classes annotated with @Configuration.
2026-03-29T21:44:57.320+08:00  INFO 35656 --- [           main] .b.t.c.SpringBootTestContextBootstrapper : Found @SpringBootConfiguration com.example.springboot.SpringbootApplication for test class com.example.springboot.service.UserServiceTests

  .   ____          _            __ _ _
 /\\ / ___'_ __ _ _(_)_ __  __ _ \ \ \ \
( ( )\___ | '_ | '_| | '_ \/ _` | \ \ \ \
 \\/  ___)| |_)| | | | | || (_| |  ) ) ) )
  '  |____| .__|_| |_|_| |_\__, | / / / /
 =========|_|==============|___/=/_/_/_/
 :: Spring Boot ::                (v3.2.5)

2026-03-29T21:44:57.385+08:00  INFO 35656 --- [           main] c.e.springboot.service.UserServiceTests  : Starting UserServiceTests using Java 17.0.18 with PID 35656 (started by 29303 in D:\springboot\d1\code-scaffold\springboot)
2026-03-29T21:44:57.386+08:00  INFO 35656 --- [           main] c.e.springboot.service.UserServiceTests  : The following 1 profile is active: "test"
Logging initialized using 'class org.apache.ibatis.logging.stdout.StdOutImpl' adapter.
2026-03-29T21:44:57.759+08:00 ERROR 35656 --- [           main] c.b.m.core.MybatisConfiguration          : mapper[com.example.springboot.mapper.ReviewMapper.selectAvgScoreByProductId] is ignored, because it exists, maybe from xml file
2026-03-29T21:44:57.760+08:00 ERROR 35656 --- [           main] c.b.m.core.MybatisConfiguration          : mapper[com.example.springboot.mapper.ReviewMapper.selectReviewsWithUserByProductId] is ignored, because it exists, maybe from xml file
2026-03-29T21:44:57.760+08:00 ERROR 35656 --- [           main] c.b.m.core.MybatisConfiguration          : mapper[com.example.springboot.mapper.ReviewMapper.selectByUserAndOrder] is ignored, because it exists, maybe from xml file
2026-03-29T21:44:57.760+08:00 ERROR 35656 --- [           main] c.b.m.core.MybatisConfiguration          : mapper[com.example.springboot.mapper.ReviewMapper.countByProductId] is ignored, because it exists, maybe from xml file
[com.example.springboot.mapper.ReviewMapper.insert] Has been loaded by XML or SqlProvider or Mybatis's Annotation, so ignoring this injection for [class com.baomidou.mybatisplus.core.injector.methods.Insert]
[com.example.springboot.mapper.ReviewMapper.deleteById] Has been loaded by XML or SqlProvider or Mybatis's Annotation, so ignoring this injection for [class com.baomidou.mybatisplus.core.injector.methods.DeleteById]
 _ _   |_  _ _|_. ___ _ |    _ 
| | |\/|_)(_| | |_\  |_)||_|_\ 
     /               |         
                        3.5.5 
2026-03-29T21:44:58.309+08:00  INFO 35656 --- [           main] c.e.springboot.service.UserServiceTests  : Started UserServiceTests in 0.98 seconds (process running for 7.572)
Creating a new SqlSession
SqlSession [org.apache.ibatis.session.defaults.DefaultSqlSession@5300694d] was not registered for synchronization because synchronization is not active
2026-03-29T21:44:58.457+08:00  INFO 35656 --- [           main] com.zaxxer.hikari.HikariDataSource       : HikariPool-1 - Starting...
2026-03-29T21:44:58.694+08:00  INFO 35656 --- [           main] com.zaxxer.hikari.pool.HikariPool        : HikariPool-1 - Added connection com.mysql.cj.jdbc.ConnectionImpl@31e84f10
2026-03-29T21:44:58.698+08:00  INFO 35656 --- [           main] com.zaxxer.hikari.HikariDataSource       : HikariPool-1 - Start completed.
JDBC Connection [HikariProxyConnection@1798538641 wrapping com.mysql.cj.jdbc.ConnectionImpl@31e84f10] will not be managed by Spring
==>  Preparing: SELECT id,username,password,name,phone,email,address,avatar,sex,age,infos,role,account FROM user WHERE (username = ? AND role = ?)
==> Parameters: admin(String), null
<==      Total: 0
Closing non transactional SqlSession [org.apache.ibatis.session.defaults.DefaultSqlSession@5300694d]
]]></system-out>
  </testcase>
  <testcase name="testUpdateUser" classname="com.example.springboot.service.UserServiceTests" time="0.048">
    <system-out><![CDATA[Creating a new SqlSession
SqlSession [org.apache.ibatis.session.defaults.DefaultSqlSession@257708e] was not registered for synchronization because synchronization is not active
JDBC Connection [HikariProxyConnection@415393160 wrapping com.mysql.cj.jdbc.ConnectionImpl@31e84f10] will not be managed by Spring
==>  Preparing: SELECT id,username,password,name,phone,email,address,avatar,sex,age,infos,role,account FROM user WHERE id=?
==> Parameters: 2(Integer)
<==    Columns: id, username, password, name, phone, email, address, avatar, sex, age, infos, role, account
<==        Row: 2, 2, 123, Updated Tom, 9876543211, 2@xxx.com, 北京, /file/download/24ca73a2382a29fe7c64b34317fc2d93.jpeg, 男, 24, hello, USER, 793.0
<==      Total: 1
Closing non transactional SqlSession [org.apache.ibatis.session.defaults.DefaultSqlSession@257708e]
Creating a new SqlSession
SqlSession [org.apache.ibatis.session.defaults.DefaultSqlSession@6d57b264] was not registered for synchronization because synchronization is not active
JDBC Connection [HikariProxyConnection@764684191 wrapping com.mysql.cj.jdbc.ConnectionImpl@31e84f10] will not be managed by Spring
==>  Preparing: UPDATE user SET username=?, password=?, name=?, phone=?, email=?, address=?, avatar=?, sex=?, age=?, infos=?, role=?, account=? WHERE id=?
==> Parameters: 2(String), 123(String), Updated Tom(String), 9876543211(String), 2@xxx.com(String), 北京(String), /file/download/24ca73a2382a29fe7c64b34317fc2d93.jpeg(String), 男(String), 24(String), hello(String), USER(String), 793.0(Double), 2(Integer)
<==    Updates: 1
Closing non transactional SqlSession [org.apache.ibatis.session.defaults.DefaultSqlSession@6d57b264]
Creating a new SqlSession
SqlSession [org.apache.ibatis.session.defaults.DefaultSqlSession@3dc14f80] was not registered for synchronization because synchronization is not active
JDBC Connection [HikariProxyConnection@1652197647 wrapping com.mysql.cj.jdbc.ConnectionImpl@31e84f10] will not be managed by Spring
==>  Preparing: SELECT id,username,password,name,phone,email,address,avatar,sex,age,infos,role,account FROM user WHERE id=?
==> Parameters: 2(Integer)
<==    Columns: id, username, password, name, phone, email, address, avatar, sex, age, infos, role, account
<==        Row: 2, 2, 123, Updated Tom, 9876543211, 2@xxx.com, 北京, /file/download/24ca73a2382a29fe7c64b34317fc2d93.jpeg, 男, 24, hello, USER, 793.0
<==      Total: 1
Closing non transactional SqlSession [org.apache.ibatis.session.defaults.DefaultSqlSession@3dc14f80]
]]></system-out>
  </testcase>
  <testcase name="testLoginFailure" classname="com.example.springboot.service.UserServiceTests" time="0.011">
    <system-out><![CDATA[Creating a new SqlSession
SqlSession [org.apache.ibatis.session.defaults.DefaultSqlSession@7c0035dd] was not registered for synchronization because synchronization is not active
JDBC Connection [HikariProxyConnection@1351198507 wrapping com.mysql.cj.jdbc.ConnectionImpl@31e84f10] will not be managed by Spring
==>  Preparing: SELECT id,username,password,name,phone,email,address,avatar,sex,age,infos,role,account FROM user WHERE (username = ? AND role = ?)
==> Parameters: admin(String), null
<==      Total: 0
Closing non transactional SqlSession [org.apache.ibatis.session.defaults.DefaultSqlSession@7c0035dd]
]]></system-out>
  </testcase>
  <testcase name="testRemoveUser" classname="com.example.springboot.service.UserServiceTests" time="0.042">
    <system-out><![CDATA[Creating a new SqlSession
SqlSession [org.apache.ibatis.session.defaults.DefaultSqlSession@23909b3] was not registered for synchronization because synchronization is not active
JDBC Connection [HikariProxyConnection@2022767609 wrapping com.mysql.cj.jdbc.ConnectionImpl@31e84f10] will not be managed by Spring
==>  Preparing: INSERT INTO user ( username, password, name, email, role ) VALUES ( ?, ?, ?, ?, ? )
==> Parameters: tempuser(String), 123456(String), Temp User(String), temp@example.com(String), USER(String)
<==    Updates: 1
Closing non transactional SqlSession [org.apache.ibatis.session.defaults.DefaultSqlSession@23909b3]
Creating a new SqlSession
SqlSession [org.apache.ibatis.session.defaults.DefaultSqlSession@48301bfe] was not registered for synchronization because synchronization is not active
JDBC Connection [HikariProxyConnection@1842475577 wrapping com.mysql.cj.jdbc.ConnectionImpl@31e84f10] will not be managed by Spring
==>  Preparing: DELETE FROM user WHERE id=?
==> Parameters: 13(Integer)
<==    Updates: 1
Closing non transactional SqlSession [org.apache.ibatis.session.defaults.DefaultSqlSession@48301bfe]
Creating a new SqlSession
SqlSession [org.apache.ibatis.session.defaults.DefaultSqlSession@7e58b0f6] was not registered for synchronization because synchronization is not active
JDBC Connection [HikariProxyConnection@914340648 wrapping com.mysql.cj.jdbc.ConnectionImpl@31e84f10] will not be managed by Spring
==>  Preparing: SELECT id,username,password,name,phone,email,address,avatar,sex,age,infos,role,account FROM user WHERE id=?
==> Parameters: 13(Integer)
<==      Total: 0
Closing non transactional SqlSession [org.apache.ibatis.session.defaults.DefaultSqlSession@7e58b0f6]
]]></system-out>
  </testcase>
  <testcase name="testUpdatePassword" classname="com.example.springboot.service.UserServiceTests" time="0.016">
    <failure message="Unexpected exception thrown: com.example.springboot.exception.ServiceException: 原始密码错误" type="org.opentest4j.AssertionFailedError"><![CDATA[org.opentest4j.AssertionFailedError: Unexpected exception thrown: com.example.springboot.exception.ServiceException: 原始密码错误
	at org.junit.jupiter.api.AssertionFailureBuilder.build(AssertionFailureBuilder.java:152)
	at org.junit.jupiter.api.AssertDoesNotThrow.createAssertionFailedError(AssertDoesNotThrow.java:84)
	at org.junit.jupiter.api.AssertDoesNotThrow.assertDoesNotThrow(AssertDoesNotThrow.java:53)
	at org.junit.jupiter.api.AssertDoesNotThrow.assertDoesNotThrow(AssertDoesNotThrow.java:36)
	at org.junit.jupiter.api.Assertions.assertDoesNotThrow(Assertions.java:3168)
	at com.example.springboot.service.UserServiceTests.testUpdatePassword(UserServiceTests.java:114)
	at java.base/java.lang.reflect.Method.invoke(Method.java:569)
	at java.base/java.util.ArrayList.forEach(ArrayList.java:1511)
	at java.base/java.util.ArrayList.forEach(ArrayList.java:1511)
Caused by: com.example.springboot.exception.ServiceException: 原始密码错误
	at com.example.springboot.service.impl.UserServiceImpl.updatePassword(UserServiceImpl.java:90)
	at java.base/jdk.internal.reflect.NativeMethodAccessorImpl.invoke0(Native Method)
	at java.base/jdk.internal.reflect.NativeMethodAccessorImpl.invoke(NativeMethodAccessorImpl.java:77)
	at java.base/jdk.internal.reflect.DelegatingMethodAccessorImpl.invoke(DelegatingMethodAccessorImpl.java:43)
	at java.base/java.lang.reflect.Method.invoke(Method.java:569)
	at org.springframework.aop.support.AopUtils.invokeJoinpointUsingReflection(AopUtils.java:354)
	at org.springframework.aop.framework.CglibAopProxy$DynamicAdvisedInterceptor.intercept(CglibAopProxy.java:716)
	at com.example.springboot.service.impl.UserServiceImpl$$SpringCGLIB$$0.updatePassword(<generated>)
	at com.example.springboot.service.UserServiceTests.lambda$testUpdatePassword$2(UserServiceTests.java:115)
	at org.junit.jupiter.api.AssertDoesNotThrow.assertDoesNotThrow(AssertDoesNotThrow.java:49)
	... 6 more
]]></failure>
    <system-out><![CDATA[Creating a new SqlSession
SqlSession [org.apache.ibatis.session.defaults.DefaultSqlSession@1e5e2e06] was not registered for synchronization because synchronization is not active
JDBC Connection [HikariProxyConnection@650245099 wrapping com.mysql.cj.jdbc.ConnectionImpl@31e84f10] will not be managed by Spring
==>  Preparing: update user set password = ? where id = ? and password = ?
==> Parameters: newpassword123(String), null, 123(String)
<==    Updates: 0
Closing non transactional SqlSession [org.apache.ibatis.session.defaults.DefaultSqlSession@1e5e2e06]
]]></system-out>
  </testcase>
  <testcase name="testRegisterPhoneDuplicate" classname="com.example.springboot.service.UserServiceTests" time="0.061">
    <system-out><![CDATA[Creating a new SqlSession
SqlSession [org.apache.ibatis.session.defaults.DefaultSqlSession@17a5ae7b] was not registered for synchronization because synchronization is not active
JDBC Connection [HikariProxyConnection@2119032302 wrapping com.mysql.cj.jdbc.ConnectionImpl@31e84f10] will not be managed by Spring
==>  Preparing: DELETE FROM user WHERE (username = ?)
==> Parameters: testuser_phone_dup1(String)
<==    Updates: 1
Closing non transactional SqlSession [org.apache.ibatis.session.defaults.DefaultSqlSession@17a5ae7b]
Creating a new SqlSession
SqlSession [org.apache.ibatis.session.defaults.DefaultSqlSession@2b9bbaa8] was not registered for synchronization because synchronization is not active
JDBC Connection [HikariProxyConnection@293019606 wrapping com.mysql.cj.jdbc.ConnectionImpl@31e84f10] will not be managed by Spring
==>  Preparing: DELETE FROM user WHERE (username = ?)
==> Parameters: testuser_phone_dup2(String)
<==    Updates: 0
Closing non transactional SqlSession [org.apache.ibatis.session.defaults.DefaultSqlSession@2b9bbaa8]
Creating a new SqlSession
SqlSession [org.apache.ibatis.session.defaults.DefaultSqlSession@7f57a7a4] was not registered for synchronization because synchronization is not active
JDBC Connection [HikariProxyConnection@1173755930 wrapping com.mysql.cj.jdbc.ConnectionImpl@31e84f10] will not be managed by Spring
==>  Preparing: SELECT COUNT( * ) AS total FROM user WHERE (username = ?)
==> Parameters: testuser_phone_dup1(String)
<==    Columns: total
<==        Row: 0
<==      Total: 1
Closing non transactional SqlSession [org.apache.ibatis.session.defaults.DefaultSqlSession@7f57a7a4]
Creating a new SqlSession
SqlSession [org.apache.ibatis.session.defaults.DefaultSqlSession@3b95fce9] was not registered for synchronization because synchronization is not active
JDBC Connection [HikariProxyConnection@1705558790 wrapping com.mysql.cj.jdbc.ConnectionImpl@31e84f10] will not be managed by Spring
==>  Preparing: SELECT COUNT( * ) AS total FROM user WHERE (phone = ?)
==> Parameters: 13800138002(String)
<==    Columns: total
<==        Row: 0
<==      Total: 1
Closing non transactional SqlSession [org.apache.ibatis.session.defaults.DefaultSqlSession@3b95fce9]
Creating a new SqlSession
SqlSession [org.apache.ibatis.session.defaults.DefaultSqlSession@48ba37dc] was not registered for synchronization because synchronization is not active
JDBC Connection [HikariProxyConnection@841975037 wrapping com.mysql.cj.jdbc.ConnectionImpl@31e84f10] will not be managed by Spring
==>  Preparing: INSERT INTO user ( username, password, name, phone, role ) VALUES ( ?, ?, ?, ?, ? )
==> Parameters: testuser_phone_dup1(String), 123456(String), testuser_phone_dup1(String), 13800138002(String), USER(String)
<==    Updates: 1
Closing non transactional SqlSession [org.apache.ibatis.session.defaults.DefaultSqlSession@48ba37dc]
Creating a new SqlSession
SqlSession [org.apache.ibatis.session.defaults.DefaultSqlSession@47e70f54] was not registered for synchronization because synchronization is not active
JDBC Connection [HikariProxyConnection@816224332 wrapping com.mysql.cj.jdbc.ConnectionImpl@31e84f10] will not be managed by Spring
==>  Preparing: SELECT COUNT( * ) AS total FROM user WHERE (username = ?)
==> Parameters: testuser_phone_dup2(String)
<==    Columns: total
<==        Row: 0
<==      Total: 1
Closing non transactional SqlSession [org.apache.ibatis.session.defaults.DefaultSqlSession@47e70f54]
Creating a new SqlSession
SqlSession [org.apache.ibatis.session.defaults.DefaultSqlSession@1e489957] was not registered for synchronization because synchronization is not active
JDBC Connection [HikariProxyConnection@667428844 wrapping com.mysql.cj.jdbc.ConnectionImpl@31e84f10] will not be managed by Spring
==>  Preparing: SELECT COUNT( * ) AS total FROM user WHERE (phone = ?)
==> Parameters: 13800138002(String)
<==    Columns: total
<==        Row: 1
<==      Total: 1
Closing non transactional SqlSession [org.apache.ibatis.session.defaults.DefaultSqlSession@1e489957]
]]></system-out>
  </testcase>
  <testcase name="testUserCount" classname="com.example.springboot.service.UserServiceTests" time="0.017">
    <system-out><![CDATA[Creating a new SqlSession
SqlSession [org.apache.ibatis.session.defaults.DefaultSqlSession@6bec566e] was not registered for synchronization because synchronization is not active
JDBC Connection [HikariProxyConnection@1195378184 wrapping com.mysql.cj.jdbc.ConnectionImpl@31e84f10] will not be managed by Spring
==>  Preparing: SELECT COUNT( * ) AS total FROM user
==> Parameters: 
<==    Columns: total
<==        Row: 7
<==      Total: 1
Closing non transactional SqlSession [org.apache.ibatis.session.defaults.DefaultSqlSession@6bec566e]
]]></system-out>
  </testcase>
  <testcase name="testGetUserById" classname="com.example.springboot.service.UserServiceTests" time="0.014">
    <system-out><![CDATA[Creating a new SqlSession
SqlSession [org.apache.ibatis.session.defaults.DefaultSqlSession@71ac5723] was not registered for synchronization because synchronization is not active
JDBC Connection [HikariProxyConnection@2075339084 wrapping com.mysql.cj.jdbc.ConnectionImpl@31e84f10] will not be managed by Spring
==>  Preparing: SELECT id,username,password,name,phone,email,address,avatar,sex,age,infos,role,account FROM user WHERE id=?
==> Parameters: 1(Integer)
<==    Columns: id, username, password, name, phone, email, address, avatar, sex, age, infos, role, account
<==        Row: 1, admin, 123, 管理员, 17343600451, admin@xxx.com, 江苏南京, /file/download/1774165224090_dbe5acc5250cf87b84b3c002084180f4.jpeg, 男, 23, 我是管理员, ADMIN, 301.0
<==      Total: 1
Closing non transactional SqlSession [org.apache.ibatis.session.defaults.DefaultSqlSession@71ac5723]
]]></system-out>
  </testcase>
  <testcase name="testResetPassword" classname="com.example.springboot.service.UserServiceTests" time="0.016">
    <failure message="Unexpected exception thrown: com.example.springboot.exception.ServiceException: 用户不存在" type="org.opentest4j.AssertionFailedError"><![CDATA[org.opentest4j.AssertionFailedError: Unexpected exception thrown: com.example.springboot.exception.ServiceException: 用户不存在
	at org.junit.jupiter.api.AssertionFailureBuilder.build(AssertionFailureBuilder.java:152)
	at org.junit.jupiter.api.AssertDoesNotThrow.createAssertionFailedError(AssertDoesNotThrow.java:84)
	at org.junit.jupiter.api.AssertDoesNotThrow.assertDoesNotThrow(AssertDoesNotThrow.java:53)
	at org.junit.jupiter.api.AssertDoesNotThrow.assertDoesNotThrow(AssertDoesNotThrow.java:36)
	at org.junit.jupiter.api.Assertions.assertDoesNotThrow(Assertions.java:3168)
	at com.example.springboot.service.UserServiceTests.testResetPassword(UserServiceTests.java:125)
	at java.base/java.lang.reflect.Method.invoke(Method.java:569)
	at java.base/java.util.ArrayList.forEach(ArrayList.java:1511)
	at java.base/java.util.ArrayList.forEach(ArrayList.java:1511)
Caused by: com.example.springboot.exception.ServiceException: 用户不存在
	at com.example.springboot.service.impl.UserServiceImpl.resetPassword(UserServiceImpl.java:77)
	at java.base/jdk.internal.reflect.NativeMethodAccessorImpl.invoke0(Native Method)
	at java.base/jdk.internal.reflect.NativeMethodAccessorImpl.invoke(NativeMethodAccessorImpl.java:77)
	at java.base/jdk.internal.reflect.DelegatingMethodAccessorImpl.invoke(DelegatingMethodAccessorImpl.java:43)
	at java.base/java.lang.reflect.Method.invoke(Method.java:569)
	at org.springframework.aop.support.AopUtils.invokeJoinpointUsingReflection(AopUtils.java:354)
	at org.springframework.aop.framework.CglibAopProxy$DynamicAdvisedInterceptor.intercept(CglibAopProxy.java:716)
	at com.example.springboot.service.impl.UserServiceImpl$$SpringCGLIB$$0.resetPassword(<generated>)
	at com.example.springboot.service.UserServiceTests.lambda$testResetPassword$3(UserServiceTests.java:126)
	at org.junit.jupiter.api.AssertDoesNotThrow.assertDoesNotThrow(AssertDoesNotThrow.java:49)
	... 6 more
]]></failure>
    <system-out><![CDATA[Creating a new SqlSession
SqlSession [org.apache.ibatis.session.defaults.DefaultSqlSession@362fd4e9] was not registered for synchronization because synchronization is not active
JDBC Connection [HikariProxyConnection@2076083498 wrapping com.mysql.cj.jdbc.ConnectionImpl@31e84f10] will not be managed by Spring
==>  Preparing: SELECT id,username,password,name,phone,email,address,avatar,sex,age,infos,role,account FROM user WHERE (username = ?)
==> Parameters: jerry(String)
<==      Total: 0
Closing non transactional SqlSession [org.apache.ibatis.session.defaults.DefaultSqlSession@362fd4e9]
]]></system-out>
  </testcase>
  <testcase name="testRegisterSuccess" classname="com.example.springboot.service.UserServiceTests" time="0.029">
    <system-out><![CDATA[Creating a new SqlSession
SqlSession [org.apache.ibatis.session.defaults.DefaultSqlSession@6d84ab90] was not registered for synchronization because synchronization is not active
JDBC Connection [HikariProxyConnection@830608444 wrapping com.mysql.cj.jdbc.ConnectionImpl@31e84f10] will not be managed by Spring
==>  Preparing: DELETE FROM user WHERE (username = ?)
==> Parameters: testuser_register(String)
<==    Updates: 1
Closing non transactional SqlSession [org.apache.ibatis.session.defaults.DefaultSqlSession@6d84ab90]
Creating a new SqlSession
SqlSession [org.apache.ibatis.session.defaults.DefaultSqlSession@7983a5d5] was not registered for synchronization because synchronization is not active
JDBC Connection [HikariProxyConnection@823351646 wrapping com.mysql.cj.jdbc.ConnectionImpl@31e84f10] will not be managed by Spring
==>  Preparing: SELECT COUNT( * ) AS total FROM user WHERE (username = ?)
==> Parameters: testuser_register(String)
<==    Columns: total
<==        Row: 0
<==      Total: 1
Closing non transactional SqlSession [org.apache.ibatis.session.defaults.DefaultSqlSession@7983a5d5]
Creating a new SqlSession
SqlSession [org.apache.ibatis.session.defaults.DefaultSqlSession@7091a016] was not registered for synchronization because synchronization is not active
JDBC Connection [HikariProxyConnection@341315292 wrapping com.mysql.cj.jdbc.ConnectionImpl@31e84f10] will not be managed by Spring
==>  Preparing: SELECT COUNT( * ) AS total FROM user WHERE (phone = ?)
==> Parameters: 13800138001(String)
<==    Columns: total
<==        Row: 0
<==      Total: 1
Closing non transactional SqlSession [org.apache.ibatis.session.defaults.DefaultSqlSession@7091a016]
Creating a new SqlSession
SqlSession [org.apache.ibatis.session.defaults.DefaultSqlSession@23e297d9] was not registered for synchronization because synchronization is not active
JDBC Connection [HikariProxyConnection@1586365091 wrapping com.mysql.cj.jdbc.ConnectionImpl@31e84f10] will not be managed by Spring
==>  Preparing: INSERT INTO user ( username, password, name, phone, email, role ) VALUES ( ?, ?, ?, ?, ?, ? )
==> Parameters: testuser_register(String), 123456(String), testuser_register(String), 13800138001(String), newuser@example.com(String), USER(String)
<==    Updates: 1
Closing non transactional SqlSession [org.apache.ibatis.session.defaults.DefaultSqlSession@23e297d9]
]]></system-out>
  </testcase>
</testsuite>