<?xml version="1.0" encoding="UTF-8"?>
<testsuite xmlns:xsi="http://www.w3.org/2001/XMLSchema-instance" xsi:noNamespaceSchemaLocation="https://maven.apache.org/surefire/maven-surefire-plugin/xsd/surefire-test-report-3.0.xsd" version="3.0" name="com.example.springboot.controller.UserControllerTests" time="5.962" tests="7" errors="0" skipped="0" failures="0">
  <properties>
[...]
</properties>
  <testcase name="testAddUser" classname="com.example.springboot.controller.UserControllerTests" time="1.113">
    <system-out><![CDATA[21:44:51.524 [main] INFO org.springframework.test.context.support.AnnotationConfigContextLoaderUtils -- Could not detect default configuration classes for test class [com.example.springboot.controller.UserControllerTests]: UserControllerTests does not declare any static, non-private, non-final, nested classes annotated with @Configuration.
21:44:51.689 [main] INFO org.springframework.boot.test.context.SpringBootTestContextBootstrapper -- Found @SpringBootConfiguration com.example.springboot.SpringbootApplication for test class com.example.springboot.controller.UserControllerTests

  .   ____          _            __ _ _
 /\\ / ___'_ __ _ _(_)_ __  __ _ \ \ \ \
( ( )\___ | '_ | '_| | '_ \/ _` | \ \ \ \
 \\/  ___)| |_)| | | | | || (_| |  ) ) ) )
  '  |____| .__|_| |_|_| |_\__, | / / / /
 =========|_|==============|___/=/_/_/_/
 :: Spring Boot ::                (v3.2.5)

2026-03-29T21:44:52.198+08:00  INFO 35656 --- [           main] c.e.s.controller.UserControllerTests     : Starting UserControllerTests using Java 17.0.18 with PID 35656 (started by 29303 in D:\springboot\d1\code-scaffold\springboot)
2026-03-29T21:44:52.199+08:00  INFO 35656 --- [           main] c.e.s.controller.UserControllerTests     : The following 1 profile is active: "test"
Logging initialized using 'class org.apache.ibatis.logging.stdout.StdOutImpl' adapter.
2026-03-29T21:44:53.965+08:00 ERROR 35656 --- [           main] c.b.m.core.MybatisConfiguration          : mapper[com.example.springboot.mapper.ReviewMapper.selectAvgScoreByProductId] is ignored, because it exists, maybe from xml file
2026-03-29T21:44:53.968+08:00 ERROR 35656 --- [           main] c.b.m.core.MybatisConfiguration          : mapper[com.example.springboot.mapper.ReviewMapper.selectReviewsWithUserByProductId] is ignored, because it exists, maybe from xml file
2026-03-29T21:44:53.969+08:00 ERROR 35656 --- [           main] c.b.m.core.MybatisConfiguration          : mapper[com.example.springboot.mapper.ReviewMapper.selectByUserAndOrder] is ignored, because it exists, maybe from xml file
2026-03-29T21:44:53.970+08:00 ERROR 35656 --- [           main] c.b.m.core.MybatisConfiguration          : mapper[com.example.springboot.mapper.ReviewMapper.countByProductId] is ignored, because it exists, maybe from xml file
[com.example.springboot.mapper.ReviewMapper.insert] Has been loaded by XML or SqlProvider or Mybatis's Annotation, so ignoring this injection for [class com.baomidou.mybatisplus.core.injector.methods.Insert]
[com.example.springboot.mapper.ReviewMapper.deleteById] Has been loaded by XML or SqlProvider or Mybatis's Annotation, so ignoring this injection for [class com.baomidou.mybatisplus.core.injector.methods.DeleteById]
Initialization Sequence datacenterId:18 workerId:14
 _ _   |_  _ _|_. ___ _ |    _ 
| | |\/|_)(_| | |_\  |_)||_|_\ 
     /               |         
                        3.5.5 
2026-03-29T21:44:55.990+08:00  INFO 35656 --- [           main] o.s.b.t.m.w.SpringBootMockServletContext : Initializing Spring TestDispatcherServlet ''
2026-03-29T21:44:55.991+08:00  INFO 35656 --- [           main] o.s.t.web.servlet.TestDispatcherServlet  : Initializing Servlet ''
2026-03-29T21:44:55.994+08:00  INFO 35656 --- [           main] o.s.t.web.servlet.TestDispatcherServlet  : Completed initialization in 1 ms
2026-03-29T21:44:56.031+08:00  INFO 35656 --- [           main] c.e.s.controller.UserControllerTests     : Started UserControllerTests in 4.18 seconds (process running for 5.293)
=== JWT 拦截器 ===
请求 URL: /user/add
请求头 token: null
=== 所有请求头 ===
Content-Type: application/json;charset=UTF-8
Content-Length: 129
URL 参数 token: null
]]></system-out>
  </testcase>
  <testcase name="testLoginSuccess" classname="com.example.springboot.controller.UserControllerTests" time="0.067">
    <system-out><![CDATA[=== JWT 拦截器 ===
请求 URL: /user/login
请求头 token: null
=== 所有请求头 ===
Content-Type: application/json;charset=UTF-8
Content-Length: 37
URL 参数 token: null
]]></system-out>
  </testcase>
  <testcase name="testUpdateUser" classname="com.example.springboot.controller.UserControllerTests" time="0.009">
    <system-out><![CDATA[=== JWT 拦截器 ===
请求 URL: /user/update
请求头 token: null
=== 所有请求头 ===
Content-Type: application/json;charset=UTF-8
Content-Length: 55
URL 参数 token: null
]]></system-out>
  </testcase>
  <testcase name="testListUsers" classname="com.example.springboot.controller.UserControllerTests" time="0.009">
    <system-out><![CDATA[=== JWT 拦截器 ===
请求 URL: /user/list/1/5
请求头 token: null
=== 所有请求头 ===
Content-Type: application/json;charset=UTF-8
URL 参数 token: null
]]></system-out>
  </testcase>
  <testcase name="testLoginFailure" classname="com.example.springboot.controller.UserControllerTests" time="0.007">
    <system-out><![CDATA[=== JWT 拦截器 ===
请求 URL: /user/login
请求头 token: null
=== 所有请求头 ===
Content-Type: application/json;charset=UTF-8
Content-Length: 47
URL 参数 token: null
]]></system-out>
  </testcase>
  <testcase name="testDeleteUser" classname="com.example.springboot.controller.UserControllerTests" time="0.007">
    <system-out><![CDATA[=== JWT 拦截器 ===
请求 URL: /user/delete/999
请求头 token: null
=== 所有请求头 ===
Content-Type: application/json;charset=UTF-8
URL 参数 token: null
]]></system-out>
  </testcase>
  <testcase name="testGetUserById" classname="com.example.springboot.controller.UserControllerTests" time="0.007">
    <system-out><![CDATA[=== JWT 拦截器 ===
请求 URL: /user/select/1
请求头 token: null
=== 所有请求头 ===
Content-Type: application/json;charset=UTF-8
URL 参数 token: null
]]></system-out>
  </testcase>
</testsuite>